Base path: C:/Program Files/Unity/Editor/Data
Pipe name: \\.\pipe\UnityShaderCompiler-64bit-4-5832
Cmd: getPlatforms
Cmd: compileSnippet
  api=9 type=0 insize=990 outsize=721 kw= ok=1
Cmd: compileSnippet
  api=9 type=0 insize=3272 outsize=1334 kw= ok=1
Cmd: compileSnippet
  api=9 type=1 insize=19796 outsize=7 kw= ok=1
Cmd: compileSnippet
  api=9 type=1 insize=19799 outsize=7 kw= ok=1
Cmd: compileSnippet
  api=9 type=1 insize=19778 outsize=7 kw= ok=1
Cmd: compileSnippet
  api=9 type=1 insize=19794 outsize=7 kw= ok=1
Cmd: compileSnippet
  api=9 type=1 insize=19781 outsize=7 kw= ok=1
Cmd: compileSnippet
  api=9 type=1 insize=19798 outsize=7 kw= ok=1
Cmd: compileSnippet
  api=9 type=1 insize=19786 outsize=7 kw= ok=1
Cmd: compileSnippet
  api=9 type=0 insize=19782 outsize=1379 kw= ok=1
Cmd: compileSnippet
  api=9 type=0 insize=19796 outsize=1083 kw= ok=1
Cmd: compileSnippet
  api=9 type=0 insize=19782 outsize=959 kw= ok=1
Cmd: compileSnippet
  api=9 type=0 insize=19786 outsize=5364 kw= ok=1
Cmd: compileSnippet
  api=9 type=0 insize=19795 outsize=4376 kw= ok=1
Cmd: compileSnippet
  api=9 type=0 insize=19804 outsize=4563 kw= ok=1
Cmd: compileSnippet
  api=9 type=0 insize=19783 outsize=811 kw= ok=1
Cmd: compileSnippet
  api=9 type=0 insize=19801 outsize=766 kw= ok=1
Cmd: compileSnippet
  api=9 type=0 insize=1345 outsize=1681 kw= ok=1
Unhandled exception: Readfile from pipe failed. GLE=Die Pipe wurde beendet.


Quitting shader compiler process

Crashed!
